{"C:\\React Native Work\\101\\firstNative\\src\\App.tsx": {"path":"C:\\React Native Work\\101\\firstNative\\src\\App.tsx","statementMap":{"0":{"start":{"line":31,"column":12},"end":{"line":42,"column":1}},"1":{"start":{"line":32,"column":2},"end":{"line":41,"column":4}},"2":{"start":{"line":44,"column":15},"end":{"line":51,"column":2}}},"fnMap":{"0":{"name":"(anonymous_0)","decl":{"start":{"line":31,"column":12},"end":{"line":31,"column":13}},"loc":{"start":{"line":31,"column":18},"end":{"line":42,"column":1}},"line":31}},"branchMap":{},"s":{"0":1,"1":1,"2":1},"f":{"0":1},"b":{},"_coverageSchema":"43e27e138ebf9cfc5966b082cf9a028302ed4184","hash":"c846e61fc97b4259461274bcfc1bb917189108a8"}
,"C:\\React Native Work\\101\\firstNative\\src\\views\\Home.tsx": {"path":"C:\\React Native Work\\101\\firstNative\\src\\views\\Home.tsx","statementMap":{"0":{"start":{"line":5,"column":13},"end":{"line":9,"column":1}},"1":{"start":{"line":6,"column":4},"end":{"line":8,"column":11}}},"fnMap":{"0":{"name":"(anonymous_0)","decl":{"start":{"line":5,"column":13},"end":{"line":5,"column":14}},"loc":{"start":{"line":5,"column":19},"end":{"line":9,"column":1}},"line":5}},"branchMap":{},"s":{"0":1,"1":1},"f":{"0":1},"b":{},"_coverageSchema":"43e27e138ebf9cfc5966b082cf9a028302ed4184","hash":"c7c0d1735ca5336f9d83a0412bcdab844a21ca88"}
}
