{"C:\\React Native Work\\101\\firstNative\\App.tsx": {"path":"C:\\React Native Work\\101\\firstNative\\App.tsx","statementMap":{"0":{"start":{"line":31,"column":12},"end":{"line":42,"column":1}},"1":{"start":{"line":32,"column":2},"end":{"line":41,"column":4}},"2":{"start":{"line":44,"column":15},"end":{"line":84,"column":2}}},"fnMap":{"0":{"name":"(anonymous_0)","decl":{"start":{"line":31,"column":12},"end":{"line":31,"column":13}},"loc":{"start":{"line":31,"column":18},"end":{"line":42,"column":1}},"line":31}},"branchMap":{},"s":{"0":1,"1":1,"2":1},"f":{"0":1},"b":{},"_coverageSchema":"43e27e138ebf9cfc5966b082cf9a028302ed4184","hash":"616d814462882cff5914a85db868d9bd30be890f"}
}
